<?xml version="1.0" encoding="UTF-8"?>
<testng-results ignored="0" total="2" passed="2" failed="0" skipped="0">
  <reporter-output>
  </reporter-output>
  <suite started-at="2021-10-28T14:49:41 IST" name="Default suite" finished-at="2021-10-28T14:49:41 IST" duration-ms="34">
    <groups>
    </groups>
    <test started-at="2021-10-28T14:49:41 IST" name="Default test" finished-at="2021-10-28T14:49:41 IST" duration-ms="34">
      <class name="Democlass">
        <test-method signature="postjira()[pri:0, instance:Democlass@73ee04c8]" started-at="2021-10-28T14:49:41 IST" name="postjira" finished-at="2021-10-28T14:49:41 IST" duration-ms="6" status="PASS">
          <reporter-output>
          </reporter-output>
        </test-method> <!-- postjira -->
        <test-method signature="tweetme()[pri:0, instance:Democlass@73ee04c8]" started-at="2021-10-28T14:49:41 IST" name="tweetme" finished-at="2021-10-28T14:49:41 IST" duration-ms="1" status="PASS">
          <reporter-output>
          </reporter-output>
        </test-method> <!-- tweetme -->
      </class> <!-- Democlass -->
    </test> <!-- Default test -->
  </suite> <!-- Default suite -->
</testng-results>
